c:\users\william\documents\visual studio 2013\projects\rtx_kinect\rtx_kinect\release\rtx_kinect.pch
c:\users\william\documents\visual studio 2013\projects\rtx_kinect\rtx_kinect\release\vc120.pdb
c:\users\william\documents\visual studio 2013\projects\rtx_kinect\rtx_kinect\release\stdafx.obj
c:\users\william\documents\visual studio 2013\projects\rtx_kinect\rtx_kinect\release\skeletonbasics.obj
c:\users\william\documents\visual studio 2013\projects\rtx_kinect\rtx_kinect\release\rtx_kinectdlg.obj
c:\users\william\documents\visual studio 2013\projects\rtx_kinect\rtx_kinect\release\rtx_kinect.obj
c:\users\william\documents\visual studio 2013\projects\rtx_kinect\rtx_kinect\release\rtxcontrol.obj
c:\users\william\documents\visual studio 2013\projects\rtx_kinect\rtx_kinect\release\kinectaudiostream.obj
c:\users\william\documents\visual studio 2013\projects\rtx_kinect\rtx_kinect\release\cmotionthread.obj
c:\users\william\documents\visual studio 2013\projects\rtx_kinect\release\rtx_kinect.exe
c:\users\william\documents\visual studio 2013\projects\rtx_kinect\release\rtx_kinect.pdb
c:\users\william\documents\visual studio 2013\projects\rtx_kinect\rtx_kinect\release\rtx_kinect.res
c:\users\william\documents\visual studio 2013\projects\rtx_kinect\rtx_kinect\release\rtx_kinect.tlog\cl.command.1.tlog
c:\users\william\documents\visual studio 2013\projects\rtx_kinect\rtx_kinect\release\rtx_kinect.tlog\cl.read.1.tlog
c:\users\william\documents\visual studio 2013\projects\rtx_kinect\rtx_kinect\release\rtx_kinect.tlog\cl.write.1.tlog
c:\users\william\documents\visual studio 2013\projects\rtx_kinect\rtx_kinect\release\rtx_kinect.tlog\link.command.1.tlog
c:\users\william\documents\visual studio 2013\projects\rtx_kinect\rtx_kinect\release\rtx_kinect.tlog\link.read.1.tlog
c:\users\william\documents\visual studio 2013\projects\rtx_kinect\rtx_kinect\release\rtx_kinect.tlog\link.write.1.tlog
c:\users\william\documents\visual studio 2013\projects\rtx_kinect\rtx_kinect\release\rtx_kinect.tlog\rc.command.1.tlog
c:\users\william\documents\visual studio 2013\projects\rtx_kinect\rtx_kinect\release\rtx_kinect.tlog\rc.read.1.tlog
c:\users\william\documents\visual studio 2013\projects\rtx_kinect\rtx_kinect\release\rtx_kinect.tlog\rc.write.1.tlog
