c:\users\william\documents\visual studio 2013\projects\rtx_kinect\rtx_kinect\debug\rtx_kinect.pch
c:\users\william\documents\visual studio 2013\projects\rtx_kinect\rtx_kinect\debug\vc120.pdb
c:\users\william\documents\visual studio 2013\projects\rtx_kinect\rtx_kinect\debug\vc120.idb
c:\users\william\documents\visual studio 2013\projects\rtx_kinect\rtx_kinect\debug\stdafx.obj
c:\users\william\documents\visual studio 2013\projects\rtx_kinect\rtx_kinect\debug\cmotionthread.obj
c:\users\william\documents\visual studio 2013\projects\rtx_kinect\rtx_kinect\debug\kinectaudiostream.obj
c:\users\william\documents\visual studio 2013\projects\rtx_kinect\rtx_kinect\debug\rtxcontrol.obj
c:\users\william\documents\visual studio 2013\projects\rtx_kinect\rtx_kinect\debug\rtx_kinect.obj
c:\users\william\documents\visual studio 2013\projects\rtx_kinect\rtx_kinect\debug\rtx_kinectdlg.obj
c:\users\william\documents\visual studio 2013\projects\rtx_kinect\rtx_kinect\debug\skeletonbasics.obj
c:\users\william\documents\visual studio 2013\projects\rtx_kinect\debug\rtx_kinect.ilk
c:\users\william\documents\visual studio 2013\projects\rtx_kinect\debug\rtx_kinect.exe
c:\users\william\documents\visual studio 2013\projects\rtx_kinect\debug\rtx_kinect.pdb
c:\users\william\documents\visual studio 2013\projects\rtx_kinect\rtx_kinect\debug\rtx_kinect.res
c:\users\william\documents\visual studio 2013\projects\rtx_kinect\rtx_kinect\debug\rtx_kinect.tlog\cl.command.1.tlog
c:\users\william\documents\visual studio 2013\projects\rtx_kinect\rtx_kinect\debug\rtx_kinect.tlog\cl.read.1.tlog
c:\users\william\documents\visual studio 2013\projects\rtx_kinect\rtx_kinect\debug\rtx_kinect.tlog\cl.write.1.tlog
c:\users\william\documents\visual studio 2013\projects\rtx_kinect\rtx_kinect\debug\rtx_kinect.tlog\link.command.1.tlog
c:\users\william\documents\visual studio 2013\projects\rtx_kinect\rtx_kinect\debug\rtx_kinect.tlog\link.read.1.tlog
c:\users\william\documents\visual studio 2013\projects\rtx_kinect\rtx_kinect\debug\rtx_kinect.tlog\link.write.1.tlog
c:\users\william\documents\visual studio 2013\projects\rtx_kinect\rtx_kinect\debug\rtx_kinect.tlog\rc.command.1.tlog
c:\users\william\documents\visual studio 2013\projects\rtx_kinect\rtx_kinect\debug\rtx_kinect.tlog\rc.read.1.tlog
c:\users\william\documents\visual studio 2013\projects\rtx_kinect\rtx_kinect\debug\rtx_kinect.tlog\rc.write.1.tlog
